npm ERR! code ERESOLVE
npm ERR! ERESOLVE unable to resolve dependency tree
npm ERR! 
npm ERR! While resolving: nexty@0.1.0
npm ERR! Found: next@15.0.1
npm ERR! node_modules/next
npm ERR!   next@"15.0.1" from the root project
npm ERR! 
npm ERR! Could not resolve dependency:
npm ERR! peer next@"^13.5.0 || ^14.0.0" from @storybook/nextjs@8.3.6
npm ERR! node_modules/@storybook/nextjs
npm ERR!   dev @storybook/nextjs@"8.3.6" from the root project
npm ERR! 
npm ERR! Fix the upstream dependency conflict, or retry
npm ERR! this command with --force or --legacy-peer-deps
npm ERR! to accept an incorrect (and potentially broken) dependency resolution.
npm ERR! 
npm ERR! 
npm ERR! For a full report see:
npm ERR! C:\Users\pluze\AppData\Local\npm-cache\_logs\2024-10-28T17_17_17_811Z-eresolve-report.txt

npm ERR! A complete log of this run can be found in: C:\Users\pluze\AppData\Local\npm-cache\_logs\2024-10-28T17_17_17_811Z-debug-0.log
